<?xml version="1.0" encoding="UTF-8"?>
<testsuite xmlns:xsi="http://www.w3.org/2001/XMLSchema-instance" xsi:noNamespaceSchemaLocation="https://maven.apache.org/surefire/maven-surefire-plugin/xsd/surefire-test-report-3.0.xsd" version="3.0" name="com.adactin.runner.RunnerClass" time="38.661" tests="23" errors="0" skipped="0" failures="0">
  <properties>
[...]
</properties>
  <testcase name="Given user Launch the Adatcin Application" classname="Scenario: User Login in the Web Application" time="0.005">
    <system-out><![CDATA[Feature: Hotel Booking In Adactin Application
]]></system-out>
    <system-err><![CDATA[SLF4J: No SLF4J providers were found.
SLF4J: Defaulting to no-operation (NOP) logger implementation
SLF4J: See https://www.slf4j.org/codes.html#noProviders for further details.
Starting ChromeDriver 118.0.5993.70 (e52f33f30b91b4ddfad649acddc39ab570473b86-refs/branch-heads/5993@{#1216}) on port 9407
Only local connections are allowed.
Please see https://chromedriver.chromium.org/security-considerations for suggestions on keeping ChromeDriver safe.
ChromeDriver was started successfully.
Nov 02, 2023 3:25:24 PM org.openqa.selenium.remote.ProtocolHandshake createSession
INFO: Detected dialect: W3C
]]></system-err>
  </testcase>
  <testcase name="When user Enter the Username" classname="Scenario: User Login in the Web Application" time="0.002"/>
  <testcase name="And user Enter the Password" classname="Scenario: User Login in the Web Application" time="0"/>
  <testcase name="Then user click the Login Button and Navigates to Serach Hotel Page" classname="Scenario: User Login in the Web Application" time="0.001"/>
  <testcase name="When user Select The Loaction in Dropdown Field" classname="Scenario: User Search Hotel in the Web Application" time="0.001">
    <system-out><![CDATA[
  @login
  Scenario: User Login in the Web Application                           # Adactin.feature:3
    Given user Launch the Adatcin Application                           # StepDefinition.user_Launch_the_Adatcin_Application()
    When user Enter the Username                                        # StepDefinition.user_Enter_the_Username()
    And user Enter the Password                                         # StepDefinition.user_Enter_the_Password()
    Then user click the Login Button and Navigates to Serach Hotel Page # StepDefinition.user_click_the_Login_Button_and_Navigates_to_Serach_Hotel_Page()
]]></system-out>
  </testcase>
  <testcase name="And user Select The Hotels Using Dropdown Field" classname="Scenario: User Search Hotel in the Web Application" time="0.001"/>
  <testcase name="And user Select The Room Type Using Dropdown Field" classname="Scenario: User Search Hotel in the Web Application" time="0.002"/>
  <testcase name="And user Select The Number of Rooms Using Dropdown Field" classname="Scenario: User Search Hotel in the Web Application" time="0.001"/>
  <testcase name="And user Enter The Check In Date" classname="Scenario: User Search Hotel in the Web Application" time="0.001"/>
  <testcase name="And user Enter The Check Out Date" classname="Scenario: User Search Hotel in the Web Application" time="0.002"/>
  <testcase name="And user Select The Adult per Room Using Dropdown Field" classname="Scenario: User Search Hotel in the Web Application" time="0.001"/>
  <testcase name="And user Select The Children Per Room Using Dropdown Field" classname="Scenario: User Search Hotel in the Web Application" time="0"/>
  <testcase name="Then user click The Search Button And Navigates to Select Hotel Page" classname="Scenario: User Search Hotel in the Web Application" time="0.001"/>
  <testcase name="When user Click The Select Hotel" classname="Scenario: User Select Hotel in the Web Application" time="0">
    <system-out><![CDATA[
  @Search_Hotel
  Scenario: User Search Hotel in the Web Application                     # Adactin.feature:10
    When user Select The Loaction in Dropdown Field                      # StepDefinition.user_Select_The_Loaction_in_Dropdown_Field()
    And user Select The Hotels Using Dropdown Field                      # StepDefinition.user_Select_The_Hotels_Using_Dropdown_Field()
    And user Select The Room Type Using Dropdown Field                   # StepDefinition.user_Select_The_Room_Type_Using_Dropdown_Field()
    And user Select The Number of Rooms Using Dropdown Field             # StepDefinition.user_Select_The_Number_of_Rooms_Using_Dropdown_Field()
    And user Enter The Check In Date                                     # StepDefinition.user_Enter_The_Check_In_Date()
    And user Enter The Check Out Date                                    # StepDefinition.user_Enter_The_Check_Out_Date()
    And user Select The Adult per Room Using Dropdown Field              # StepDefinition.user_Select_The_Adult_per_Room_Using_Dropdown_Field()
    And user Select The Children Per Room Using Dropdown Field           # StepDefinition.user_Select_The_Children_Per_Room_Using_Dropdown_Field()
    Then user click The Search Button And Navigates to Select Hotel Page # StepDefinition.user_click_The_Search_Button_And_Navigates_to_Select_Hotel_Page()
]]></system-out>
  </testcase>
  <testcase name="Then user Click The Continue Button And Navigates to Book A Hotel Page" classname="Scenario: User Select Hotel in the Web Application" time="0.001"/>
  <testcase name="When user Enter The First Name In The First Name Field" classname="Scenario: User Select Book A Hotel in the Web Application" time="0.001">
    <system-out><![CDATA[
  @Select_Hotel
  Scenario: User Select Hotel in the Web Application                       # Adactin.feature:22
    When user Click The Select Hotel                                       # StepDefinition.user_Click_The_Select_Hotel()
    Then user Click The Continue Button And Navigates to Book A Hotel Page # StepDefinition.user_Click_The_Continue_Button_And_Navigates_to_Book_A_Hotel_Page()
]]></system-out>
  </testcase>
  <testcase name="And user Enter The Last Name In The Last Name Field" classname="Scenario: User Select Book A Hotel in the Web Application" time="0"/>
  <testcase name="And user Enter The Billing Address In The Billing Address Field" classname="Scenario: User Select Book A Hotel in the Web Application" time="0.001"/>
  <testcase name="And user Enter The Cerdit card No" classname="Scenario: User Select Book A Hotel in the Web Application" time="0"/>
  <testcase name="And user Select The Cerdit card Type And Click on The Visa" classname="Scenario: User Select Book A Hotel in the Web Application" time="0"/>
  <testcase name="And user Select The Expiry Date And Select Month And Year" classname="Scenario: User Select Book A Hotel in the Web Application" time="0"/>
  <testcase name="And user Enter The CCV Number" classname="Scenario: User Select Book A Hotel in the Web Application" time="0"/>
  <testcase name="Then user Click The Book Hotel And Navigates to Booking Comfrimation" classname="Scenario: User Select Book A Hotel in the Web Application" time="0.001"/>
</testsuite>